{
  "RSpec": {
    "coverage": {
      "/Users/kunalbhatt/Documents/DBC Challenges/Rails/pollster/app/controllers/answers_controller.rb": [
        1,
        null,
        1,
        null,
        null,
        0,
        0,
        0,
        null,
        null,
        null,
        1,
        null,
        0,
        0,
        0,
        0,
        null,
        null,
        null,
        null,
        null,
        null,
        null,
        null,
        null,
        null,
        null,
        0,
        null,
        null,
        null,
        null
      ],
      "/Users/kunalbhatt/Documents/DBC Challenges/Rails/pollster/app/controllers/application_controller.rb": [
        1,
        1,
        1,
        1,
        null,
        1,
        null,
        1,
        null,
        0,
        null,
        0,
        0,
        null,
        null,
        1,
        0,
        null,
        null
      ],
      "/Users/kunalbhatt/Documents/DBC Challenges/Rails/pollster/app/helpers/application_helper.rb": [
        1,
        null
      ],
      "/Users/kunalbhatt/Documents/DBC Challenges/Rails/pollster/app/helpers/answers_helper.rb": [
        1,
        null
      ],
      "/Users/kunalbhatt/Documents/DBC Challenges/Rails/pollster/app/helpers/polls_helper.rb": [
        1,
        null
      ],
      "/Users/kunalbhatt/Documents/DBC Challenges/Rails/pollster/app/helpers/questions_helper.rb": [
        1,
        1,
        0,
        null,
        null
      ],
      "/Users/kunalbhatt/Documents/DBC Challenges/Rails/pollster/app/models/answer.rb": [
        1,
        1,
        1,
        null,
        1,
        0,
        0,
        0,
        0,
        0,
        null,
        0,
        0,
        null,
        null,
        0,
        null,
        null
      ],
      "/Users/kunalbhatt/Documents/DBC Challenges/Rails/pollster/app/controllers/polls_controller.rb": [
        1,
        null,
        1,
        0,
        null,
        null,
        1,
        0,
        0,
        0,
        null,
        null,
        null,
        1,
        0,
        null,
        null,
        1,
        0,
        null,
        null,
        null,
        null,
        1,
        0,
        null,
        null,
        1,
        0,
        0,
        null,
        null,
        1,
        0,
        0,
        0,
        null,
        null,
        null
      ],
      "/Users/kunalbhatt/Documents/DBC Challenges/Rails/pollster/app/models/poll.rb": [
        1,
        1,
        1,
        1,
        null,
        1,
        null,
        1,
        0,
        null,
        null,
        null,
        1,
        1,
        0,
        null,
        null,
        1,
        0,
        0,
        null,
        null,
        null,
        null,
        null
      ],
      "/Users/kunalbhatt/Documents/DBC Challenges/Rails/pollster/app/controllers/questions_controller.rb": [
        1,
        1,
        null,
        1,
        0,
        null,
        0,
        0,
        null,
        0,
        null,
        null,
        null,
        1,
        0,
        null,
        null,
        1,
        0,
        0,
        0,
        null,
        null,
        1,
        0,
        null,
        null,
        1,
        0,
        0,
        0,
        0,
        null,
        null,
        1,
        null,
        1,
        0,
        0,
        null,
        0,
        null,
        0,
        null,
        null
      ],
      "/Users/kunalbhatt/Documents/DBC Challenges/Rails/pollster/app/models/question.rb": [
        1,
        1,
        1,
        1,
        null
      ]
    },
    "timestamp": 1353443588
  }
}
